==24815== Memcheck, a memory error detector
==24815== Copyright (C) 2002-2022, and GNU GPL'd, by Julian Seward et al.
==24815== Using Valgrind-3.22.0 and LibVEX; rerun with -h for copyright info
==24815== Command: ./minishell
==24815== Parent PID: 24814
==24815== 
==24815== 
==24815== HEAP SUMMARY:
==24815==     in use at exit: 233,440 bytes in 248 blocks
==24815==   total heap usage: 711 allocs, 463 frees, 264,339 bytes allocated
==24815== 
==24815== 32 bytes in 1 blocks are indirectly lost in loss record 25 of 88
==24815==    at 0x4846828: malloc (in /usr/libexec/valgrind/vgpreload_memcheck-amd64-linux.so)
==24815==    by 0x10AEA0: ft_strdup (in /home/gabriel/common_core/m3/minishell/minishell)
==24815==    by 0x10AC5F: init_env (in /home/gabriel/common_core/m3/minishell/minishell)
==24815==    by 0x10AC98: append_env (in /home/gabriel/common_core/m3/minishell/minishell)
==24815==    by 0x10AB4B: env_dup (in /home/gabriel/common_core/m3/minishell/minishell)
==24815==    by 0x109382: main (in /home/gabriel/common_core/m3/minishell/minishell)
==24815== 
==24815== 48 (16 direct, 32 indirect) bytes in 1 blocks are definitely lost in loss record 29 of 88
==24815==    at 0x4846828: malloc (in /usr/libexec/valgrind/vgpreload_memcheck-amd64-linux.so)
==24815==    by 0x10A3F6: ft_malloc (in /home/gabriel/common_core/m3/minishell/minishell)
==24815==    by 0x10AC4F: init_env (in /home/gabriel/common_core/m3/minishell/minishell)
==24815==    by 0x10AC98: append_env (in /home/gabriel/common_core/m3/minishell/minishell)
==24815==    by 0x10AB4B: env_dup (in /home/gabriel/common_core/m3/minishell/minishell)
==24815==    by 0x109382: main (in /home/gabriel/common_core/m3/minishell/minishell)
==24815== 
==24815== LEAK SUMMARY:
==24815==    definitely lost: 16 bytes in 1 blocks
==24815==    indirectly lost: 32 bytes in 1 blocks
==24815==      possibly lost: 0 bytes in 0 blocks
==24815==    still reachable: 0 bytes in 0 blocks
==24815==         suppressed: 233,392 bytes in 246 blocks
==24815== 
==24815== For lists of detected and suppressed errors, rerun with: -s
==24815== ERROR SUMMARY: 1 errors from 1 contexts (suppressed: 0 from 0)
